<?xml version="1.0" encoding="utf-8"?><testsuites name="pytest tests"><testsuite name="pytest" errors="0" failures="0" skipped="0" tests="8" time="0.311" timestamp="2025-11-17T16:34:02.709830+08:00" hostname="DESKTOP-A7GHDTB"><testcase classname="fixes.tests.test_user_module" name="test_get_profile_success_populates_cache" time="0.039" /><testcase classname="fixes.tests.test_user_module" name="test_get_profile_missing_authorization" time="0.005" /><testcase classname="fixes.tests.test_user_module" name="test_get_profile_user_not_found" time="0.007" /><testcase classname="fixes.tests.test_user_module" name="test_get_profile_soft_deleted" time="0.006" /><testcase classname="fixes.tests.test_user_module" name="test_avatar_upload_success" time="0.075" /><testcase classname="fixes.tests.test_user_module" name="test_avatar_upload_missing_file" time="0.004" /><testcase classname="fixes.tests.test_user_module" name="test_avatar_upload_handles_celery_failure" time="0.014" /><testcase classname="fixes.tests.test_user_module" name="test_profile_survives_cache_errors" time="0.021" /></testsuite></testsuites>